  main.cpp
C:\Users\87053\OneDrive\Рабочий стол\Wpf exercises\Project1\Project1\main.cpp(1,4): error C2014: preprocessor command must start as first nonwhite space
C:\Program Files\Microsoft Visual Studio\2022\Community\VC\Tools\MSVC\14.35.32215\include\sal.h(2361,1): error C2144: syntax error: 'int' should be preceded by ';'
C:\Program Files\Microsoft Visual Studio\2022\Community\VC\Tools\MSVC\14.35.32215\include\sal.h(2361,8): error C4430: missing type specifier - int assumed. Note: C++ does not support default-int
C:\Users\87053\OneDrive\Рабочий стол\Wpf exercises\Project1\Project1\main.cpp(143,17): error C3873: '0x2014': this character is not allowed as a first character of an identifier
C:\Users\87053\OneDrive\Рабочий стол\Wpf exercises\Project1\Project1\main.cpp(144,12): error C3873: '0x2014': this character is not allowed as a first character of an identifier
C:\Users\87053\OneDrive\Рабочий стол\Wpf exercises\Project1\Project1\main.cpp(149,3): error C3872: '0x2014': this character is not allowed in an identifier
C:\Users\87053\OneDrive\Рабочий стол\Wpf exercises\Project1\Project1\main.cpp(151,12): error C3873: '0x2014': this character is not allowed as a first character of an identifier
C:\Users\87053\OneDrive\Рабочий стол\Wpf exercises\Project1\Project1\main.cpp(164,18): error C3873: '0x2014': this character is not allowed as a first character of an identifier
C:\Users\87053\OneDrive\Рабочий стол\Wpf exercises\Project1\Project1\main.cpp(165,13): error C3873: '0x2014': this character is not allowed as a first character of an identifier
C:\Users\87053\OneDrive\Рабочий стол\Wpf exercises\Project1\Project1\main.cpp(170,4): error C3872: '0x2014': this character is not allowed in an identifier
C:\Users\87053\OneDrive\Рабочий стол\Wpf exercises\Project1\Project1\main.cpp(172,13): error C3873: '0x2014': this character is not allowed as a first character of an identifier
C:\Users\87053\OneDrive\Рабочий стол\Wpf exercises\Project1\Project1\main.cpp(61,15): warning C4244: '=': conversion from 'double' to 'int', possible loss of data
C:\Users\87053\OneDrive\Рабочий стол\Wpf exercises\Project1\Project1\main.cpp(143,17): error C2146: syntax error: missing ')' before identifier '—'
C:\Users\87053\OneDrive\Рабочий стол\Wpf exercises\Project1\Project1\main.cpp(144,12): error C2146: syntax error: missing ')' before identifier '—'
C:\Users\87053\OneDrive\Рабочий стол\Wpf exercises\Project1\Project1\main.cpp(145,1): error C2143: syntax error: missing ';' before '{'
C:\Users\87053\OneDrive\Рабочий стол\Wpf exercises\Project1\Project1\main.cpp(149,3): error C2065: 'b—': undeclared identifier
C:\Users\87053\OneDrive\Рабочий стол\Wpf exercises\Project1\Project1\main.cpp(151,12): error C2146: syntax error: missing ')' before identifier '—'
C:\Users\87053\OneDrive\Рабочий стол\Wpf exercises\Project1\Project1\main.cpp(152,1): error C2143: syntax error: missing ';' before '{'
C:\Users\87053\OneDrive\Рабочий стол\Wpf exercises\Project1\Project1\main.cpp(164,18): error C2146: syntax error: missing ')' before identifier '—'
C:\Users\87053\OneDrive\Рабочий стол\Wpf exercises\Project1\Project1\main.cpp(165,13): error C2146: syntax error: missing ')' before identifier '—'
C:\Users\87053\OneDrive\Рабочий стол\Wpf exercises\Project1\Project1\main.cpp(166,1): error C2143: syntax error: missing ';' before '{'
C:\Users\87053\OneDrive\Рабочий стол\Wpf exercises\Project1\Project1\main.cpp(170,4): error C2065: 'zz—': undeclared identifier
C:\Users\87053\OneDrive\Рабочий стол\Wpf exercises\Project1\Project1\main.cpp(172,13): error C2146: syntax error: missing ')' before identifier '—'
C:\Users\87053\OneDrive\Рабочий стол\Wpf exercises\Project1\Project1\main.cpp(173,1): error C2143: syntax error: missing ';' before '{'
C:\Users\87053\OneDrive\Рабочий стол\Wpf exercises\Project1\Project1\main.cpp(329,19): error C4996: 'strtok': This function or variable may be unsafe. Consider using strtok_s instead. To disable deprecation, use _CRT_SECURE_NO_WARNINGS. See online help for details.
C:\Users\87053\OneDrive\Рабочий стол\Wpf exercises\Project1\Project1\main.cpp(354,1): warning C4326: return type of 'main' should be 'int' instead of 'void'
